<?xml version="1.0" encoding="UTF-8"?>
<!-- Generated by org.testng.reporters.JUnitReportReporter -->
<testsuite hostname="LAPNG9-ABDW" failures="0" tests="1" name="grid.SeleniumGridEx" time="16.258" errors="0" timestamp="2023-02-02T19:22:51 IST" skipped="0">
  <testcase classname="grid.SeleniumGridEx" name="gridTest" time="16.258"/>
  <system-out/>
</testsuite> <!-- grid.SeleniumGridEx -->
