<?xml version="1.0" encoding="UTF-8"?>
<!-- Generated by org.testng.reporters.JUnitReportReporter -->
<testsuite hostname="LAPNG9-ABDW" failures="0" tests="9" name="dayJavaWithSelenium.DataProvider" time="0.020" errors="0" timestamp="2023-02-06T14:21:51 IST" skipped="0">
  <testcase classname="dayJavaWithSelenium.DataProvider" name="withDATAProvider" time="0.002"/>
  <system-out/>
  <testcase classname="dayJavaWithSelenium.DataProvider" name="withDATAProvider" time="0.013"/>
  <system-out/>
  <testcase classname="dayJavaWithSelenium.DataProvider" name="withDATAProvider" time="0.000"/>
  <system-out/>
  <testcase classname="dayJavaWithSelenium.DataProvider" name="withDATAProvider" time="0.001"/>
  <system-out/>
  <testcase classname="dayJavaWithSelenium.DataProvider" name="withDATAProvider" time="0.001"/>
  <system-out/>
  <testcase classname="dayJavaWithSelenium.DataProvider" name="withDATAProvider" time="0.000"/>
  <system-out/>
  <testcase classname="dayJavaWithSelenium.DataProvider" name="withDATAProvider" time="0.001"/>
  <system-out/>
  <testcase classname="dayJavaWithSelenium.DataProvider" name="withDATAProvider" time="0.001"/>
  <system-out/>
  <testcase classname="dayJavaWithSelenium.DataProvider" name="withDATAProvider" time="0.001"/>
  <system-out/>
</testsuite> <!-- dayJavaWithSelenium.DataProvider -->
