<?xml version="1.0" encoding="UTF-8"?>
<!-- Generated by org.testng.reporters.JUnitReportReporter -->
<testsuite hostname="LAPNG9-ABDW" failures="0" tests="1" name="dayJavaWithSelenium.ReportingEx" time="0.084" errors="0" timestamp="2023-02-08T14:19:57 IST" skipped="0">
  <testcase classname="dayJavaWithSelenium.ReportingEx" name="sampleTest1" time="0.084"/>
  <system-out/>
</testsuite> <!-- dayJavaWithSelenium.ReportingEx -->
