<?xml version="1.0" encoding="UTF-8"?>
<!-- Generated by org.testng.reporters.JUnitReportReporter -->
<testsuite hostname="LAPNG9-ABDW" failures="0" tests="1" name="dayJavaWithSelenium.ExtentReport" time="34.472" errors="0" timestamp="2023-02-09T13:33:45 IST" skipped="0">
  <testcase classname="dayJavaWithSelenium.ExtentReport" name="ExtentReportTest1" time="34.472"/>
  <system-out/>
</testsuite> <!-- dayJavaWithSelenium.ExtentReport -->
