<?xml version="1.0" encoding="UTF-8"?>
<!-- Generated by org.testng.reporters.JUnitReportReporter -->
<testsuite hostname="LAPNG9-ABDW" failures="0" tests="1" name="dayJavaWithSelenium.WindowIFrameAlertEx" time="19.714" errors="0" timestamp="2023-01-19T14:44:04 IST" skipped="0">
  <testcase classname="dayJavaWithSelenium.WindowIFrameAlertEx" name="myFirstTestNgWindowSwitch" time="19.714"/>
  <system-out/>
</testsuite> <!-- dayJavaWithSelenium.WindowIFrameAlertEx -->
