<?xml version="1.0" encoding="UTF-8"?>
<!-- Generated by org.testng.reporters.JUnitReportReporter -->
<testsuite hostname="LAPNG9-ABDW" failures="0" tests="1" name="dayJavaWithSelenium.CapturingScreenShot" time="15.847" errors="0" timestamp="2023-01-20T14:07:15 IST" skipped="0">
  <testcase classname="dayJavaWithSelenium.CapturingScreenShot" name="getSCreenShotEX" time="15.847"/>
  <system-out/>
</testsuite> <!-- dayJavaWithSelenium.CapturingScreenShot -->
