<?xml version="1.0" encoding="UTF-8"?>
<!-- Generated by org.testng.reporters.JUnitReportReporter -->
<testsuite hostname="LAPNG9-ABDW" failures="0" tests="1" name="dayJavaWithSelenium.IframeEx" time="12.897" errors="0" timestamp="2023-01-19T14:45:26 IST" skipped="0">
  <testcase classname="dayJavaWithSelenium.IframeEx" name="TestIframeMultiple" time="12.897"/>
  <system-out/>
</testsuite> <!-- dayJavaWithSelenium.IframeEx -->
