<?xml version="1.0" encoding="UTF-8"?>
<!-- Generated by org.testng.reporters.JUnitReportReporter -->
<testsuite hostname="LAPNG9-ABDW" failures="0" tests="2" name="dayJavaWithSelenium.LoggingEx" time="8.932" errors="0" timestamp="2023-02-07T14:47:07 IST" skipped="0">
  <testcase classname="dayJavaWithSelenium.LoggingEx" name="Logging1" time="0.000"/>
  <system-out/>
  <testcase classname="dayJavaWithSelenium.LoggingEx" name="Logging" time="8.932"/>
  <system-out/>
</testsuite> <!-- dayJavaWithSelenium.LoggingEx -->
